<?xml version="1.0" encoding="UTF-8"?>
<!-- Generated by org.testng.reporters.JUnitXMLReporter -->
<testsuite ignored="0" hostname="LAPTOP-GBKDVHB5" failures="0" tests="5" name="Default test" time="68.38" errors="0" timestamp="2021-09-18T12:59:07 IST">
  <testcase classname="tyss.vtiger.organizationTest.CreateOrganizationWithIndustryTest" name="createOrgWithIndustry" time="8.024"/>
  <testcase classname="tyss.vtiger.organizationTest.CreateOrganizationWithIndustryTest" name="createOrgWithIndustry" time="7.64"/>
  <testcase classname="tyss.vtiger.organizationTest.CreateOrganizationWithIndustryTest" name="createOrgWithIndustry" time="7.736"/>
  <testcase classname="tyss.vtiger.organizationTest.CreateOrganizationWithIndustryTest" name="createOrgWithIndustry" time="7.554"/>
  <testcase classname="tyss.vtiger.organizationTest.CreateOrganizationWithIndustryTest" name="createOrgWithIndustry" time="7.807"/>
</testsuite> <!-- Default test -->
