<?xml version="1.0" encoding="UTF-8"?>
<!-- Generated by org.testng.reporters.JUnitXMLReporter -->
<testsuite ignored="0" hostname="LAPTOP-GBKDVHB5" failures="2" tests="5" name="Test" time="50.694" errors="0" timestamp="2021-09-16T18:18:58 IST">
  <testcase classname="tyss.vtiger.organizationTest.CreateOrganizationWithIndustryTest" name="createOrgWithIndustry" time="8.22"/>
  <testcase classname="tyss.vtiger.test.DemoTestNG" name="test1" time="0.003">
    <failure type="java.lang.AssertionError" message="expected [true] but found [false]">
      <![CDATA[java.lang.AssertionError: expected [true] but found [false]
at tyss.vtiger.test.DemoTestNG.test1(DemoTestNG.java:16)
at java.base/java.util.ArrayList.forEach(ArrayList.java:1511)
... Removed 33 stack frames]]>
    </failure>
  </testcase> <!-- test1 -->
  <testcase classname="tyss.vtiger.test.DemoTestNG" name="test2" time="0.005"/>
  <testcase classname="tyss.vtiger.test.DemoTestNG" name="test3" time="0.002">
    <skipped/>
  </testcase> <!-- test3 -->
  <testcase classname="tyss.vtiger.test.CreateContactTest" name="createContact" time="4.938">
    <failure type="java.lang.AssertionError" message="expected [Last Name cannot be empt] but found [Last Name cannot be empty]">
      <![CDATA[java.lang.AssertionError: expected [Last Name cannot be empt] but found [Last Name cannot be empty]
at tyss.vtiger.test.CreateContactTest.createContact(CreateContactTest.java:28)
at java.base/java.util.ArrayList.forEach(ArrayList.java:1511)
... Removed 33 stack frames]]>
    </failure>
  </testcase> <!-- createContact -->
</testsuite> <!-- Test -->
