<?xml version="1.0" encoding="UTF-8"?>
<!-- Generated by org.testng.reporters.JUnitXMLReporter -->
<testsuite ignored="2" hostname="LAPTOP-GBKDVHB5" failures="0" tests="1" name="Testrunner-2" time="7.328" errors="0" timestamp="2021-09-15T15:36:51 IST">
  <testcase classname="tyss.vtiger.test.DemoTestNG" name="test3" time="0.001">
    <skipped/>
  </testcase> <!-- test3 -->
  <testcase classname="tyss.vtiger.test.DemoTestNG" name="test2" time="0.0">
    <ignored/>
  </testcase> <!-- test2 -->
  <testcase classname="tyss.vtiger.test.DemoTestNG" name="test1" time="0.0">
    <ignored/>
  </testcase> <!-- test1 -->
</testsuite> <!-- Testrunner-2 -->
