<?xml version="1.0" encoding="UTF-8"?>
<testng-results ignored="0" total="6" passed="5" failed="1" skipped="0">
  <reporter-output>
  </reporter-output>
  <suite started-at="2021-09-18T13:01:53 IST" name="Suite" finished-at="2021-09-18T13:03:33 IST" duration-ms="99770">
    <groups>
    </groups>
    <test started-at="2021-09-18T13:01:53 IST" name="Test-2" finished-at="2021-09-18T13:02:13 IST" duration-ms="19743">
      <class name="tyss.vtiger.test.CreateContactTest">
        <test-method is-config="true" signature="initBrowser()[pri:0, instance:tyss.vtiger.test.CreateContactTest@268f106e]" started-at="2021-09-18T13:01:53 IST" name="initBrowser" finished-at="2021-09-18T13:01:58 IST" duration-ms="4366" status="PASS">
          <reporter-output>
          </reporter-output>
        </test-method> <!-- initBrowser -->
        <test-method is-config="true" signature="login()[pri:0, instance:tyss.vtiger.test.CreateContactTest@268f106e]" started-at="2021-09-18T13:01:58 IST" name="login" finished-at="2021-09-18T13:02:01 IST" duration-ms="3537" status="PASS">
          <reporter-output>
          </reporter-output>
        </test-method> <!-- login -->
        <test-method signature="createContact()[pri:0, instance:tyss.vtiger.test.CreateContactTest@268f106e]" started-at="2021-09-18T13:02:01 IST" name="createContact" finished-at="2021-09-18T13:02:08 IST" duration-ms="6675" status="FAIL">
          <exception class="java.lang.AssertionError">
            <message>
              <![CDATA[expected [Last Name cannot be empt] but found [Last Name cannot be empty]]]>
            </message>
            <full-stacktrace>
              <![CDATA[java.lang.AssertionError: expected [Last Name cannot be empt] but found [Last Name cannot be empty]
at org.testng.Assert.fail(Assert.java:99)
at org.testng.Assert.failNotEquals(Assert.java:1037)
at org.testng.Assert.assertEqualsImpl(Assert.java:140)
at org.testng.Assert.assertEquals(Assert.java:122)
at org.testng.Assert.assertEquals(Assert.java:629)
at org.testng.Assert.assertEquals(Assert.java:639)
at tyss.vtiger.test.CreateContactTest.createContact(CreateContactTest.java:30)
at java.base/jdk.internal.reflect.NativeMethodAccessorImpl.invoke0(Native Method)
at java.base/jdk.internal.reflect.NativeMethodAccessorImpl.invoke(NativeMethodAccessorImpl.java:78)
at java.base/jdk.internal.reflect.DelegatingMethodAccessorImpl.invoke(DelegatingMethodAccessorImpl.java:43)
at java.base/java.lang.reflect.Method.invoke(Method.java:567)
at org.testng.internal.MethodInvocationHelper.invokeMethod(MethodInvocationHelper.java:133)
at org.testng.internal.TestInvoker.invokeMethod(TestInvoker.java:598)
at org.testng.internal.TestInvoker.invokeTestMethod(TestInvoker.java:173)
at org.testng.internal.MethodRunner.runInSequence(MethodRunner.java:46)
at org.testng.internal.TestInvoker$MethodInvocationAgent.invoke(TestInvoker.java:824)
at org.testng.internal.TestInvoker.invokeTestMethods(TestInvoker.java:146)
at org.testng.internal.TestMethodWorker.invokeTestMethods(TestMethodWorker.java:146)
at org.testng.internal.TestMethodWorker.run(TestMethodWorker.java:128)
at java.base/java.util.ArrayList.forEach(ArrayList.java:1511)
at org.testng.TestRunner.privateRun(TestRunner.java:794)
at org.testng.TestRunner.run(TestRunner.java:596)
at org.testng.SuiteRunner.runTest(SuiteRunner.java:377)
at org.testng.SuiteRunner.access$000(SuiteRunner.java:28)
at org.testng.SuiteRunner$SuiteWorker.run(SuiteRunner.java:418)
at org.testng.internal.thread.ThreadUtil.lambda$execute$0(ThreadUtil.java:64)
at java.base/java.util.concurrent.FutureTask.run(FutureTask.java:264)
at java.base/java.util.concurrent.ThreadPoolExecutor.runWorker(ThreadPoolExecutor.java:1130)
at java.base/java.util.concurrent.ThreadPoolExecutor$Worker.run(ThreadPoolExecutor.java:630)
at java.base/java.lang.Thread.run(Thread.java:831)
]]>
            </full-stacktrace>
          </exception> <!-- java.lang.AssertionError -->
          <reporter-output>
          </reporter-output>
        </test-method> <!-- createContact -->
        <test-method is-config="true" signature="logout()[pri:0, instance:tyss.vtiger.test.CreateContactTest@268f106e]" started-at="2021-09-18T13:02:09 IST" name="logout" finished-at="2021-09-18T13:02:12 IST" duration-ms="3534" status="PASS">
          <reporter-output>
          </reporter-output>
        </test-method> <!-- logout -->
        <test-method is-config="true" signature="closeBrowser()[pri:0, instance:tyss.vtiger.test.CreateContactTest@268f106e]" started-at="2021-09-18T13:02:12 IST" name="closeBrowser" finished-at="2021-09-18T13:02:13 IST" duration-ms="180" status="PASS">
          <reporter-output>
          </reporter-output>
        </test-method> <!-- closeBrowser -->
      </class> <!-- tyss.vtiger.test.CreateContactTest -->
    </test> <!-- Test-2 -->
    <test started-at="2021-09-18T13:01:53 IST" name="Test-1" finished-at="2021-09-18T13:03:33 IST" duration-ms="99770">
      <class name="tyss.vtiger.organizationTest.CreateOrganizationWithIndustryTest">
        <test-method is-config="true" signature="initBrowser()[pri:0, instance:tyss.vtiger.organizationTest.CreateOrganizationWithIndustryTest@1cf6d1be]" started-at="2021-09-18T13:01:53 IST" name="initBrowser" finished-at="2021-09-18T13:01:58 IST" duration-ms="4314" status="PASS">
          <reporter-output>
          </reporter-output>
        </test-method> <!-- initBrowser -->
        <test-method is-config="true" signature="login()[pri:0, instance:tyss.vtiger.organizationTest.CreateOrganizationWithIndustryTest@1cf6d1be]" started-at="2021-09-18T13:01:58 IST" name="login" finished-at="2021-09-18T13:02:03 IST" duration-ms="4665" status="PASS">
          <reporter-output>
          </reporter-output>
        </test-method> <!-- login -->
        <test-method signature="createOrgWithIndustry(java.lang.String,java.lang.String)[pri:0, instance:tyss.vtiger.organizationTest.CreateOrganizationWithIndustryTest@1cf6d1be]" started-at="2021-09-18T13:02:03 IST" name="createOrgWithIndustry" data-provider="getmultipledata" finished-at="2021-09-18T13:02:12 IST" duration-ms="8703" status="PASS">
          <params>
            <param index="0">
              <value>
                <![CDATA[tyss]]>
              </value>
            </param>
            <param index="1">
              <value>
                <![CDATA[Technology]]>
              </value>
            </param>
          </params>
          <reporter-output>
          </reporter-output>
        </test-method> <!-- createOrgWithIndustry -->
        <test-method is-config="true" signature="logout()[pri:0, instance:tyss.vtiger.organizationTest.CreateOrganizationWithIndustryTest@1cf6d1be]" started-at="2021-09-18T13:02:12 IST" name="logout" finished-at="2021-09-18T13:02:20 IST" duration-ms="8032" status="PASS">
          <reporter-output>
          </reporter-output>
        </test-method> <!-- logout -->
        <test-method is-config="true" signature="login()[pri:0, instance:tyss.vtiger.organizationTest.CreateOrganizationWithIndustryTest@1cf6d1be]" started-at="2021-09-18T13:02:20 IST" name="login" finished-at="2021-09-18T13:02:21 IST" duration-ms="1650" status="PASS">
          <reporter-output>
          </reporter-output>
        </test-method> <!-- login -->
        <test-method signature="createOrgWithIndustry(java.lang.String,java.lang.String)[pri:0, instance:tyss.vtiger.organizationTest.CreateOrganizationWithIndustryTest@1cf6d1be]" started-at="2021-09-18T13:02:21 IST" name="createOrgWithIndustry" data-provider="getmultipledata" finished-at="2021-09-18T13:02:29 IST" duration-ms="7375" status="PASS">
          <params>
            <param index="0">
              <value>
                <![CDATA[infosis]]>
              </value>
            </param>
            <param index="1">
              <value>
                <![CDATA[Banking]]>
              </value>
            </param>
          </params>
          <reporter-output>
          </reporter-output>
        </test-method> <!-- createOrgWithIndustry -->
        <test-method is-config="true" signature="logout()[pri:0, instance:tyss.vtiger.organizationTest.CreateOrganizationWithIndustryTest@1cf6d1be]" started-at="2021-09-18T13:02:29 IST" name="logout" finished-at="2021-09-18T13:02:37 IST" duration-ms="8323" status="PASS">
          <reporter-output>
          </reporter-output>
        </test-method> <!-- logout -->
        <test-method is-config="true" signature="login()[pri:0, instance:tyss.vtiger.organizationTest.CreateOrganizationWithIndustryTest@1cf6d1be]" started-at="2021-09-18T13:02:37 IST" name="login" finished-at="2021-09-18T13:02:39 IST" duration-ms="1797" status="PASS">
          <reporter-output>
          </reporter-output>
        </test-method> <!-- login -->
        <test-method signature="createOrgWithIndustry(java.lang.String,java.lang.String)[pri:0, instance:tyss.vtiger.organizationTest.CreateOrganizationWithIndustryTest@1cf6d1be]" started-at="2021-09-18T13:02:39 IST" name="createOrgWithIndustry" data-provider="getmultipledata" finished-at="2021-09-18T13:02:47 IST" duration-ms="7883" status="PASS">
          <params>
            <param index="0">
              <value>
                <![CDATA[wipro]]>
              </value>
            </param>
            <param index="1">
              <value>
                <![CDATA[Insurance]]>
              </value>
            </param>
          </params>
          <reporter-output>
          </reporter-output>
        </test-method> <!-- createOrgWithIndustry -->
        <test-method is-config="true" signature="logout()[pri:0, instance:tyss.vtiger.organizationTest.CreateOrganizationWithIndustryTest@1cf6d1be]" started-at="2021-09-18T13:02:47 IST" name="logout" finished-at="2021-09-18T13:02:55 IST" duration-ms="8331" status="PASS">
          <reporter-output>
          </reporter-output>
        </test-method> <!-- logout -->
        <test-method is-config="true" signature="login()[pri:0, instance:tyss.vtiger.organizationTest.CreateOrganizationWithIndustryTest@1cf6d1be]" started-at="2021-09-18T13:02:55 IST" name="login" finished-at="2021-09-18T13:02:57 IST" duration-ms="1655" status="PASS">
          <reporter-output>
          </reporter-output>
        </test-method> <!-- login -->
        <test-method signature="createOrgWithIndustry(java.lang.String,java.lang.String)[pri:0, instance:tyss.vtiger.organizationTest.CreateOrganizationWithIndustryTest@1cf6d1be]" started-at="2021-09-18T13:02:57 IST" name="createOrgWithIndustry" data-provider="getmultipledata" finished-at="2021-09-18T13:03:04 IST" duration-ms="6954" status="PASS">
          <params>
            <param index="0">
              <value>
                <![CDATA[tata]]>
              </value>
            </param>
            <param index="1">
              <value>
                <![CDATA[Manufacturing]]>
              </value>
            </param>
          </params>
          <reporter-output>
          </reporter-output>
        </test-method> <!-- createOrgWithIndustry -->
        <test-method is-config="true" signature="logout()[pri:0, instance:tyss.vtiger.organizationTest.CreateOrganizationWithIndustryTest@1cf6d1be]" started-at="2021-09-18T13:03:04 IST" name="logout" finished-at="2021-09-18T13:03:12 IST" duration-ms="8711" status="PASS">
          <reporter-output>
          </reporter-output>
        </test-method> <!-- logout -->
        <test-method is-config="true" signature="login()[pri:0, instance:tyss.vtiger.organizationTest.CreateOrganizationWithIndustryTest@1cf6d1be]" started-at="2021-09-18T13:03:12 IST" name="login" finished-at="2021-09-18T13:03:14 IST" duration-ms="1605" status="PASS">
          <reporter-output>
          </reporter-output>
        </test-method> <!-- login -->
        <test-method signature="createOrgWithIndustry(java.lang.String,java.lang.String)[pri:0, instance:tyss.vtiger.organizationTest.CreateOrganizationWithIndustryTest@1cf6d1be]" started-at="2021-09-18T13:03:14 IST" name="createOrgWithIndustry" data-provider="getmultipledata" finished-at="2021-09-18T13:03:23 IST" duration-ms="9208" status="PASS">
          <params>
            <param index="0">
              <value>
                <![CDATA[mahindra]]>
              </value>
            </param>
            <param index="1">
              <value>
                <![CDATA[Machinery]]>
              </value>
            </param>
          </params>
          <reporter-output>
          </reporter-output>
        </test-method> <!-- createOrgWithIndustry -->
        <test-method is-config="true" signature="logout()[pri:0, instance:tyss.vtiger.organizationTest.CreateOrganizationWithIndustryTest@1cf6d1be]" started-at="2021-09-18T13:03:23 IST" name="logout" finished-at="2021-09-18T13:03:32 IST" duration-ms="9130" status="PASS">
          <reporter-output>
          </reporter-output>
        </test-method> <!-- logout -->
        <test-method is-config="true" signature="closeBrowser()[pri:0, instance:tyss.vtiger.organizationTest.CreateOrganizationWithIndustryTest@1cf6d1be]" started-at="2021-09-18T13:03:32 IST" name="closeBrowser" finished-at="2021-09-18T13:03:33 IST" duration-ms="216" status="PASS">
          <reporter-output>
          </reporter-output>
        </test-method> <!-- closeBrowser -->
      </class> <!-- tyss.vtiger.organizationTest.CreateOrganizationWithIndustryTest -->
    </test> <!-- Test-1 -->
  </suite> <!-- Suite -->
</testng-results>
